<?xml version="1.0" encoding="UTF-8"?>
<testsuite xmlns:xsi="http://www.w3.org/2001/XMLSchema-instance" xsi:noNamespaceSchemaLocation="https://maven.apache.org/surefire/maven-surefire-plugin/xsd/surefire-test-report-3.0.xsd" version="3.0" name="com.ecommerce.flipkart.FlipkartApplicationTests" time="1.35" tests="1" errors="0" skipped="0" failures="0">
  <properties>
[...]
</properties>
  <testcase name="contextLoads" classname="com.ecommerce.flipkart.FlipkartApplicationTests" time="0.494">
    <system-out><![CDATA[07:41:23.014 [main] INFO org.springframework.test.context.support.AnnotationConfigContextLoaderUtils -- Could not detect default configuration classes for test class [com.ecommerce.flipkart.FlipkartApplicationTests]: FlipkartApplicationTests does not declare any static, non-private, non-final, nested classes annotated with @Configuration.
07:41:23.058 [main] INFO org.springframework.boot.test.context.SpringBootTestContextBootstrapper -- Found @SpringBootConfiguration com.ecommerce.flipkart.FlipkartApplication for test class com.ecommerce.flipkart.FlipkartApplicationTests
07:41:23.127 [main] INFO org.springframework.boot.devtools.restart.RestartApplicationListener -- Restart disabled due to context in which it is running

  .   ____          _            __ _ _
 /\\ / ___'_ __ _ _(_)_ __  __ _ \ \ \ \
( ( )\___ | '_ | '_| | '_ \/ _` | \ \ \ \
 \\/  ___)| |_)| | | | | || (_| |  ) ) ) )
  '  |____| .__|_| |_|_| |_\__, | / / / /
 =========|_|==============|___/=/_/_/_/

 :: Spring Boot ::                (v3.3.3)

2024-08-29T07:41:23.241+05:30  INFO 21866 --- [flipkart] [           main] c.e.flipkart.FlipkartApplicationTests    : Starting FlipkartApplicationTests using Java 19 with PID 21866 (started by riturajsingh in /Users/riturajsingh/Downloads/flipkart)
2024-08-29T07:41:23.241+05:30  INFO 21866 --- [flipkart] [           main] c.e.flipkart.FlipkartApplicationTests    : No active profile set, falling back to 1 default profile: "default"
2024-08-29T07:41:23.772+05:30  INFO 21866 --- [flipkart] [           main] c.e.flipkart.FlipkartApplicationTests    : Started FlipkartApplicationTests in 0.65 seconds (process running for 1.121)
]]></system-out>
  </testcase>
</testsuite>